<?xml version="1.0" encoding="UTF-8"?>
<!-- Generated by org.testng.reporters.JUnitXMLReporter -->
<testsuite hostname="DESKTOP-65OKV1R" name="Personal Loan" tests="4" failures="0" timestamp="27 Mar 2022 12:34:38 GMT" time="0.056" errors="0">
  <testcase name="demo" time="0.008" classname="test.Demo"/>
  <testcase name="demo" time="0.0" classname="test.Demo2">
    <skipped/>
  </testcase> <!-- demo -->
  <testcase name="Mobileloginhomeloan" time="0.004" classname="test.Demo4"/>
  <testcase name="Webloginhomeloan" time="0.0" classname="test.Demo4">
    <skipped/>
  </testcase> <!-- Webloginhomeloan -->
</testsuite> <!-- Personal Loan -->
