<?xml version="1.0" encoding="UTF-8"?>
<testng-results skipped="0" failed="0" total="1" passed="1">
  <reporter-output>
  </reporter-output>
  <suite name="Default suite" duration-ms="43" started-at="2022-06-08T15:57:11Z" finished-at="2022-06-08T15:57:11Z">
    <groups>
      <group name="Smoke">
        <method signature="Demo.demo()[pri:0, instance:test.Demo@3a82f6ef]" name="demo" class="test.Demo"/>
      </group> <!-- Smoke -->
    </groups>
    <test name="Default test" duration-ms="43" started-at="2022-06-08T15:57:11Z" finished-at="2022-06-08T15:57:11Z">
      <class name="test.Demo">
        <test-method status="PASS" signature="secondtest()[pri:0, instance:test.Demo@3a82f6ef]" name="secondtest" is-config="true" duration-ms="12" started-at="2022-06-08T21:27:11Z" finished-at="2022-06-08T21:27:11Z">
          <reporter-output>
          </reporter-output>
        </test-method> <!-- secondtest -->
        <test-method status="PASS" signature="demo()[pri:0, instance:test.Demo@3a82f6ef]" name="demo" duration-ms="12" started-at="2022-06-08T21:27:11Z" finished-at="2022-06-08T21:27:11Z">
          <reporter-output>
          </reporter-output>
        </test-method> <!-- demo -->
      </class> <!-- test.Demo -->
    </test> <!-- Default test -->
  </suite> <!-- Default suite -->
</testng-results>
